<?xml version="1.0" encoding="UTF-8"?>
<!-- Generated by org.testng.reporters.JUnitXMLReporter -->
<testsuite hostname="07HW011868" ignored="0" name="Default test" tests="3" failures="1" timestamp="06 Jul 2020 18:54:07 GMT" time="56.771" errors="0">
  <testcase name="TC001_FindProduct" time="6.959" classname="tests.SUT001_AmericanasPurchaseListTests"/>
  <testcase name="TC002_FindAndAddToCart" time="8.005" classname="tests.SUT001_AmericanasPurchaseListTests"/>
  <testcase name="TC003_FindAndBuyProduct" time="40.427" classname="tests.SUT001_AmericanasPurchaseListTests">
    <failure type="java.lang.AssertionError" message="Test &amp;apos;TC003_FindAndBuyProduct&amp;apos; ended with ERROR - Method &amp;apos;assertElementIsVisible&amp;apos; Expected result element NOT present in page. 
&amp;lt;p&amp;gt;Stacktrace: Expected condition failed: waiting for element to be clickable: [[ChromeDriver: chrome on WINDOWS (8a26c967f919b1c6e55290964b2eddc2)] -&amp;gt; id: fb-root] (tried for 30 second(s) with 500 milliseconds interval)
Build info: version: &amp;apos;3.141.59&amp;apos;, revision: &amp;apos;e82be7d358&amp;apos;, time: &amp;apos;2018-11-14T08:17:03&amp;apos;
System info: host: &amp;apos;07HW011868&amp;apos;, ip: &amp;apos;10.90.70.89&amp;apos;, os.name: &amp;apos;Windows 10&amp;apos;, os.arch: &amp;apos;amd64&amp;apos;, os.version: &amp;apos;10.0&amp;apos;, java.version: &amp;apos;1.8.0_201&amp;apos;
Driver info: org.openqa.selenium.chrome.ChromeDriver
Capabilities {acceptInsecureCerts: false, browserName: chrome, browserVersion: 83.0.4103.61, chrome: {chromedriverVersion: 83.0.4103.39 (ccbf011cb2d2b..., userDataDir: C:\Users\1680395\AppData\Lo...}, goog:chromeOptions: {debuggerAddress: localhost:53019}, javascriptEnabled: true, networkConnectionEnabled: false, pageLoadStrategy: normal, platform: WINDOWS, platformName: WINDOWS, proxy: Proxy(), setWindowRect: true, strictFileInteractability: false, timeouts: {implicit: 0, pageLoad: 300000, script: 30000}, unhandledPromptBehavior: dismiss and notify, webauthn:virtualAuthenticators: true}
Session ID: 8a26c967f919b1c6e55290964b2eddc2">
      <![CDATA[java.lang.AssertionError: Test 'TC003_FindAndBuyProduct' ended with ERROR - Method 'assertElementIsVisible' Expected result element NOT present in page. 
<p>Stacktrace: Expected condition failed: waiting for element to be clickable: [[ChromeDriver: chrome on WINDOWS (8a26c967f919b1c6e55290964b2eddc2)] -> id: fb-root] (tried for 30 second(s) with 500 milliseconds interval)
Build info: version: '3.141.59', revision: 'e82be7d358', time: '2018-11-14T08:17:03'
System info: host: '07HW011868', ip: '10.90.70.89', os.name: 'Windows 10', os.arch: 'amd64', os.version: '10.0', java.version: '1.8.0_201'
Driver info: org.openqa.selenium.chrome.ChromeDriver
Capabilities {acceptInsecureCerts: false, browserName: chrome, browserVersion: 83.0.4103.61, chrome: {chromedriverVersion: 83.0.4103.39 (ccbf011cb2d2b..., userDataDir: C:\Users\1680395\AppData\Lo...}, goog:chromeOptions: {debuggerAddress: localhost:53019}, javascriptEnabled: true, networkConnectionEnabled: false, pageLoadStrategy: normal, platform: WINDOWS, platformName: WINDOWS, proxy: Proxy(), setWindowRect: true, strictFileInteractability: false, timeouts: {implicit: 0, pageLoad: 300000, script: 30000}, unhandledPromptBehavior: dismiss and notify, webauthn:virtualAuthenticators: true}
Session ID: 8a26c967f919b1c6e55290964b2eddc2
at org.testng.Assert.fail(Assert.java:96)
at selenium.SeleniumAssert.assertElementIsVisible(SeleniumAssert.java:50)
at tests.SUT001_AmericanasPurchaseListTests.TC003_FindAndBuyProduct(SUT001_AmericanasPurchaseListTests.java:42)
at sun.reflect.NativeMethodAccessorImpl.invoke0(Native Method)
at sun.reflect.NativeMethodAccessorImpl.invoke(Unknown Source)
at sun.reflect.DelegatingMethodAccessorImpl.invoke(Unknown Source)
at java.lang.reflect.Method.invoke(Unknown Source)
at org.testng.internal.MethodInvocationHelper.invokeMethod(MethodInvocationHelper.java:124)
at org.testng.internal.Invoker.invokeMethod(Invoker.java:583)
at org.testng.internal.Invoker.invokeTestMethod(Invoker.java:719)
at org.testng.internal.Invoker.invokeTestMethods(Invoker.java:989)
at org.testng.internal.TestMethodWorker.invokeTestMethods(TestMethodWorker.java:125)
at org.testng.internal.TestMethodWorker.run(TestMethodWorker.java:109)
at org.testng.TestRunner.privateRun(TestRunner.java:648)
at org.testng.TestRunner.run(TestRunner.java:505)
at org.testng.SuiteRunner.runTest(SuiteRunner.java:455)
at org.testng.SuiteRunner.runSequentially(SuiteRunner.java:450)
at org.testng.SuiteRunner.privateRun(SuiteRunner.java:415)
at org.testng.SuiteRunner.run(SuiteRunner.java:364)
at org.testng.SuiteRunnerWorker.runSuite(SuiteRunnerWorker.java:52)
at org.testng.SuiteRunnerWorker.run(SuiteRunnerWorker.java:84)
at org.testng.TestNG.runSuitesSequentially(TestNG.java:1208)
at org.testng.TestNG.runSuitesLocally(TestNG.java:1137)
at org.testng.TestNG.runSuites(TestNG.java:1049)
at org.testng.TestNG.run(TestNG.java:1017)
at org.testng.remote.AbstractRemoteTestNG.run(AbstractRemoteTestNG.java:115)
at org.testng.remote.RemoteTestNG.initAndRun(RemoteTestNG.java:251)
at org.testng.remote.RemoteTestNG.main(RemoteTestNG.java:77)
]]>
    </failure>
  </testcase> <!-- TC003_FindAndBuyProduct -->
</testsuite> <!-- Default test -->
