<?xml version="1.0" encoding="UTF-8"?>
<!-- Generated by org.testng.reporters.JUnitXMLReporter -->
<testsuite hostname="07HW011868" ignored="0" name="Test" tests="3" failures="1" timestamp="06 Jul 2020 19:14:04 GMT" time="25.94" errors="0">
  <testcase name="TC001_FindProduct" time="6.619" classname="tests.SUT001_AmericanasPurchaseListTests"/>
  <testcase name="TC002_FindAndAddToCart" time="8.751" classname="tests.SUT001_AmericanasPurchaseListTests"/>
  <testcase name="TC003_FindAndBuyProduct" time="9.108" classname="tests.SUT001_AmericanasPurchaseListTests">
    <failure type="java.lang.AssertionError" message="Test &amp;apos;clickOnButtonBuy&amp;apos; ended with ERROR - Method &amp;apos;clickButton&amp;apos; Expected result message:  not present in element. 
&amp;lt;p&amp;gt;Stacktrace: element click intercepted: Element is not clickable at point (1124, 652)
  (Session info: chrome=83.0.4103.61)
Build info: version: &amp;apos;3.141.59&amp;apos;, revision: &amp;apos;e82be7d358&amp;apos;, time: &amp;apos;2018-11-14T08:17:03&amp;apos;
System info: host: &amp;apos;07HW011868&amp;apos;, ip: &amp;apos;10.90.70.89&amp;apos;, os.name: &amp;apos;Windows 10&amp;apos;, os.arch: &amp;apos;amd64&amp;apos;, os.version: &amp;apos;10.0&amp;apos;, java.version: &amp;apos;1.8.0_201&amp;apos;
Driver info: org.openqa.selenium.chrome.ChromeDriver
Capabilities {acceptInsecureCerts: false, browserName: chrome, browserVersion: 83.0.4103.61, chrome: {chromedriverVersion: 83.0.4103.39 (ccbf011cb2d2b..., userDataDir: C:\Users\1680395\AppData\Lo...}, goog:chromeOptions: {debuggerAddress: localhost:57400}, javascriptEnabled: true, networkConnectionEnabled: false, pageLoadStrategy: normal, platform: WINDOWS, platformName: WINDOWS, proxy: Proxy(), setWindowRect: true, strictFileInteractability: false, timeouts: {implicit: 0, pageLoad: 300000, script: 30000}, unhandledPromptBehavior: dismiss and notify, webauthn:virtualAuthenticators: true}
Session ID: 840d88b32c5cd3b6cad47eb66bee30a5">
      <![CDATA[java.lang.AssertionError: Test 'clickOnButtonBuy' ended with ERROR - Method 'clickButton' Expected result message:  not present in element. 
<p>Stacktrace: element click intercepted: Element is not clickable at point (1124, 652)
  (Session info: chrome=83.0.4103.61)
Build info: version: '3.141.59', revision: 'e82be7d358', time: '2018-11-14T08:17:03'
System info: host: '07HW011868', ip: '10.90.70.89', os.name: 'Windows 10', os.arch: 'amd64', os.version: '10.0', java.version: '1.8.0_201'
Driver info: org.openqa.selenium.chrome.ChromeDriver
Capabilities {acceptInsecureCerts: false, browserName: chrome, browserVersion: 83.0.4103.61, chrome: {chromedriverVersion: 83.0.4103.39 (ccbf011cb2d2b..., userDataDir: C:\Users\1680395\AppData\Lo...}, goog:chromeOptions: {debuggerAddress: localhost:57400}, javascriptEnabled: true, networkConnectionEnabled: false, pageLoadStrategy: normal, platform: WINDOWS, platformName: WINDOWS, proxy: Proxy(), setWindowRect: true, strictFileInteractability: false, timeouts: {implicit: 0, pageLoad: 300000, script: 30000}, unhandledPromptBehavior: dismiss and notify, webauthn:virtualAuthenticators: true}
Session ID: 840d88b32c5cd3b6cad47eb66bee30a5
at selenium.SeleniumButton.clickButton(SeleniumButton.java:28)
at pages.americanas.AmericanasHomePage.clickOnButtonBuy(AmericanasHomePage.java:74)
at tests.SUT001_AmericanasPurchaseListTests.TC003_FindAndBuyProduct(SUT001_AmericanasPurchaseListTests.java:40)
... Removed 26 stack frames]]>
    </failure>
  </testcase> <!-- TC003_FindAndBuyProduct -->
</testsuite> <!-- Test -->
