<?xml version="1.0" encoding="UTF-8"?>
<testng-results skipped="0" failed="1" ignored="0" total="3" passed="2">
  <reporter-output>
  </reporter-output>
  <suite name="Default suite" duration-ms="56771" started-at="2020-07-06T18:53:10Z" finished-at="2020-07-06T18:54:07Z">
    <groups>
    </groups>
    <test name="Default test" duration-ms="56771" started-at="2020-07-06T18:53:10Z" finished-at="2020-07-06T18:54:07Z">
      <class name="tests.SUT001_AmericanasPurchaseListTests">
        <test-method status="PASS" signature="initializeDriver()[pri:0, instance:tests.SUT001_AmericanasPurchaseListTests@7d9d1a19]" name="initializeDriver" is-config="true" duration-ms="5897" started-at="2020-07-06T18:53:04Z" finished-at="2020-07-06T18:53:10Z">
          <reporter-output>
          </reporter-output>
        </test-method> <!-- initializeDriver -->
        <test-method status="PASS" signature="beforeMethod(java.lang.reflect.Method, org.testng.ITestContext)[pri:0, instance:tests.SUT001_AmericanasPurchaseListTests@7d9d1a19]" name="beforeMethod" is-config="true" duration-ms="6" started-at="2020-07-06T18:53:10Z" finished-at="2020-07-06T18:53:10Z">
          <params>
            <param index="0">
              <value>
                <![CDATA[public void tests.SUT001_AmericanasPurchaseListTests.TC001_FindProduct()]]>
              </value>
            </param>
            <param index="1">
              <value>
                <![CDATA[org.testng.TestRunner@29c2c826]]>
              </value>
            </param>
          </params>
          <reporter-output>
          </reporter-output>
        </test-method> <!-- beforeMethod -->
        <test-method status="PASS" signature="TC001_FindProduct()[pri:0, instance:tests.SUT001_AmericanasPurchaseListTests@7d9d1a19]" name="TC001_FindProduct" duration-ms="6959" started-at="2020-07-06T18:53:10Z" description="Realizar uma busca na página principal e verificar se foi exibido o produto informando." finished-at="2020-07-06T18:53:17Z">
          <reporter-output>
          </reporter-output>
        </test-method> <!-- TC001_FindProduct -->
        <test-method status="PASS" signature="afterMethod(org.testng.ITestResult, java.lang.reflect.Method)[pri:0, instance:tests.SUT001_AmericanasPurchaseListTests@7d9d1a19]" name="afterMethod" is-config="true" duration-ms="655" started-at="2020-07-06T18:53:17Z" finished-at="2020-07-06T18:53:18Z">
          <params>
            <param index="0">
              <value>
                <![CDATA[[TestResult name=TC001_FindProduct status=SUCCESS method=SUT001_AmericanasPurchaseListTests.TC001_FindProduct()[pri:0, instance:tests.SUT001_AmericanasPurchaseListTests@7d9d1a19] output={null}]]]>
              </value>
            </param>
            <param index="1">
              <value>
                <![CDATA[public void tests.SUT001_AmericanasPurchaseListTests.TC001_FindProduct()]]>
              </value>
            </param>
          </params>
          <reporter-output>
          </reporter-output>
        </test-method> <!-- afterMethod -->
        <test-method status="PASS" signature="beforeMethod(java.lang.reflect.Method, org.testng.ITestContext)[pri:0, instance:tests.SUT001_AmericanasPurchaseListTests@7d9d1a19]" name="beforeMethod" is-config="true" duration-ms="0" started-at="2020-07-06T18:53:18Z" finished-at="2020-07-06T18:53:18Z">
          <params>
            <param index="0">
              <value>
                <![CDATA[public void tests.SUT001_AmericanasPurchaseListTests.TC002_FindAndAddToCart()]]>
              </value>
            </param>
            <param index="1">
              <value>
                <![CDATA[org.testng.TestRunner@29c2c826]]>
              </value>
            </param>
          </params>
          <reporter-output>
          </reporter-output>
        </test-method> <!-- beforeMethod -->
        <test-method status="PASS" signature="TC002_FindAndAddToCart()[pri:0, instance:tests.SUT001_AmericanasPurchaseListTests@7d9d1a19]" name="TC002_FindAndAddToCart" duration-ms="8005" started-at="2020-07-06T18:53:18Z" description="Realizar uma busca na página principal e adicionar o produto ao carrinho." finished-at="2020-07-06T18:53:26Z">
          <reporter-output>
          </reporter-output>
        </test-method> <!-- TC002_FindAndAddToCart -->
        <test-method status="PASS" signature="afterMethod(org.testng.ITestResult, java.lang.reflect.Method)[pri:0, instance:tests.SUT001_AmericanasPurchaseListTests@7d9d1a19]" name="afterMethod" is-config="true" duration-ms="339" started-at="2020-07-06T18:53:26Z" finished-at="2020-07-06T18:53:26Z">
          <params>
            <param index="0">
              <value>
                <![CDATA[[TestResult name=TC002_FindAndAddToCart status=SUCCESS method=SUT001_AmericanasPurchaseListTests.TC002_FindAndAddToCart()[pri:0, instance:tests.SUT001_AmericanasPurchaseListTests@7d9d1a19] output={null}]]]>
              </value>
            </param>
            <param index="1">
              <value>
                <![CDATA[public void tests.SUT001_AmericanasPurchaseListTests.TC002_FindAndAddToCart()]]>
              </value>
            </param>
          </params>
          <reporter-output>
          </reporter-output>
        </test-method> <!-- afterMethod -->
        <test-method status="FAIL" signature="TC003_FindAndBuyProduct()[pri:0, instance:tests.SUT001_AmericanasPurchaseListTests@7d9d1a19]" name="TC003_FindAndBuyProduct" duration-ms="40427" started-at="2020-07-06T18:53:26Z" description="Realizar uma busca na página principal, adicionar no carrinho e clicar em comprar." finished-at="2020-07-06T18:54:07Z">
          <exception class="java.lang.AssertionError">
            <message>
              <![CDATA[Test 'TC003_FindAndBuyProduct' ended with ERROR - Method 'assertElementIsVisible' Expected result element NOT present in page. 
<p>Stacktrace: Expected condition failed: waiting for element to be clickable: [[ChromeDriver: chrome on WINDOWS (8a26c967f919b1c6e55290964b2eddc2)] -> id: fb-root] (tried for 30 second(s) with 500 milliseconds interval)
Build info: version: '3.141.59', revision: 'e82be7d358', time: '2018-11-14T08:17:03'
System info: host: '07HW011868', ip: '10.90.70.89', os.name: 'Windows 10', os.arch: 'amd64', os.version: '10.0', java.version: '1.8.0_201'
Driver info: org.openqa.selenium.chrome.ChromeDriver
Capabilities {acceptInsecureCerts: false, browserName: chrome, browserVersion: 83.0.4103.61, chrome: {chromedriverVersion: 83.0.4103.39 (ccbf011cb2d2b..., userDataDir: C:\Users\1680395\AppData\Lo...}, goog:chromeOptions: {debuggerAddress: localhost:53019}, javascriptEnabled: true, networkConnectionEnabled: false, pageLoadStrategy: normal, platform: WINDOWS, platformName: WINDOWS, proxy: Proxy(), setWindowRect: true, strictFileInteractability: false, timeouts: {implicit: 0, pageLoad: 300000, script: 30000}, unhandledPromptBehavior: dismiss and notify, webauthn:virtualAuthenticators: true}
Session ID: 8a26c967f919b1c6e55290964b2eddc2]]>
            </message>
            <full-stacktrace>
              <![CDATA[java.lang.AssertionError: Test 'TC003_FindAndBuyProduct' ended with ERROR - Method 'assertElementIsVisible' Expected result element NOT present in page. 
<p>Stacktrace: Expected condition failed: waiting for element to be clickable: [[ChromeDriver: chrome on WINDOWS (8a26c967f919b1c6e55290964b2eddc2)] -> id: fb-root] (tried for 30 second(s) with 500 milliseconds interval)
Build info: version: '3.141.59', revision: 'e82be7d358', time: '2018-11-14T08:17:03'
System info: host: '07HW011868', ip: '10.90.70.89', os.name: 'Windows 10', os.arch: 'amd64', os.version: '10.0', java.version: '1.8.0_201'
Driver info: org.openqa.selenium.chrome.ChromeDriver
Capabilities {acceptInsecureCerts: false, browserName: chrome, browserVersion: 83.0.4103.61, chrome: {chromedriverVersion: 83.0.4103.39 (ccbf011cb2d2b..., userDataDir: C:\Users\1680395\AppData\Lo...}, goog:chromeOptions: {debuggerAddress: localhost:53019}, javascriptEnabled: true, networkConnectionEnabled: false, pageLoadStrategy: normal, platform: WINDOWS, platformName: WINDOWS, proxy: Proxy(), setWindowRect: true, strictFileInteractability: false, timeouts: {implicit: 0, pageLoad: 300000, script: 30000}, unhandledPromptBehavior: dismiss and notify, webauthn:virtualAuthenticators: true}
Session ID: 8a26c967f919b1c6e55290964b2eddc2
at org.testng.Assert.fail(Assert.java:96)
at selenium.SeleniumAssert.assertElementIsVisible(SeleniumAssert.java:50)
at tests.SUT001_AmericanasPurchaseListTests.TC003_FindAndBuyProduct(SUT001_AmericanasPurchaseListTests.java:42)
at sun.reflect.NativeMethodAccessorImpl.invoke0(Native Method)
at sun.reflect.NativeMethodAccessorImpl.invoke(Unknown Source)
at sun.reflect.DelegatingMethodAccessorImpl.invoke(Unknown Source)
at java.lang.reflect.Method.invoke(Unknown Source)
at org.testng.internal.MethodInvocationHelper.invokeMethod(MethodInvocationHelper.java:124)
at org.testng.internal.Invoker.invokeMethod(Invoker.java:583)
at org.testng.internal.Invoker.invokeTestMethod(Invoker.java:719)
at org.testng.internal.Invoker.invokeTestMethods(Invoker.java:989)
at org.testng.internal.TestMethodWorker.invokeTestMethods(TestMethodWorker.java:125)
at org.testng.internal.TestMethodWorker.run(TestMethodWorker.java:109)
at org.testng.TestRunner.privateRun(TestRunner.java:648)
at org.testng.TestRunner.run(TestRunner.java:505)
at org.testng.SuiteRunner.runTest(SuiteRunner.java:455)
at org.testng.SuiteRunner.runSequentially(SuiteRunner.java:450)
at org.testng.SuiteRunner.privateRun(SuiteRunner.java:415)
at org.testng.SuiteRunner.run(SuiteRunner.java:364)
at org.testng.SuiteRunnerWorker.runSuite(SuiteRunnerWorker.java:52)
at org.testng.SuiteRunnerWorker.run(SuiteRunnerWorker.java:84)
at org.testng.TestNG.runSuitesSequentially(TestNG.java:1208)
at org.testng.TestNG.runSuitesLocally(TestNG.java:1137)
at org.testng.TestNG.runSuites(TestNG.java:1049)
at org.testng.TestNG.run(TestNG.java:1017)
at org.testng.remote.AbstractRemoteTestNG.run(AbstractRemoteTestNG.java:115)
at org.testng.remote.RemoteTestNG.initAndRun(RemoteTestNG.java:251)
at org.testng.remote.RemoteTestNG.main(RemoteTestNG.java:77)
]]>
            </full-stacktrace>
          </exception> <!-- java.lang.AssertionError -->
          <reporter-output>
          </reporter-output>
        </test-method> <!-- TC003_FindAndBuyProduct -->
        <test-method status="PASS" signature="beforeMethod(java.lang.reflect.Method, org.testng.ITestContext)[pri:0, instance:tests.SUT001_AmericanasPurchaseListTests@7d9d1a19]" name="beforeMethod" is-config="true" duration-ms="0" started-at="2020-07-06T18:53:26Z" finished-at="2020-07-06T18:53:26Z">
          <params>
            <param index="0">
              <value>
                <![CDATA[public void tests.SUT001_AmericanasPurchaseListTests.TC003_FindAndBuyProduct()]]>
              </value>
            </param>
            <param index="1">
              <value>
                <![CDATA[org.testng.TestRunner@29c2c826]]>
              </value>
            </param>
          </params>
          <reporter-output>
          </reporter-output>
        </test-method> <!-- beforeMethod -->
        <test-method status="PASS" signature="afterMethod(org.testng.ITestResult, java.lang.reflect.Method)[pri:0, instance:tests.SUT001_AmericanasPurchaseListTests@7d9d1a19]" name="afterMethod" is-config="true" duration-ms="355" started-at="2020-07-06T18:54:07Z" finished-at="2020-07-06T18:54:07Z">
          <params>
            <param index="0">
              <value>
                <![CDATA[[TestResult name=TC003_FindAndBuyProduct status=FAILURE method=SUT001_AmericanasPurchaseListTests.TC003_FindAndBuyProduct()[pri:0, instance:tests.SUT001_AmericanasPurchaseListTests@7d9d1a19] output={null}]]]>
              </value>
            </param>
            <param index="1">
              <value>
                <![CDATA[public void tests.SUT001_AmericanasPurchaseListTests.TC003_FindAndBuyProduct()]]>
              </value>
            </param>
          </params>
          <reporter-output>
          </reporter-output>
        </test-method> <!-- afterMethod -->
        <test-method status="PASS" signature="quitDriver()[pri:0, instance:tests.SUT001_AmericanasPurchaseListTests@7d9d1a19]" name="quitDriver" is-config="true" duration-ms="872" started-at="2020-07-06T18:54:07Z" finished-at="2020-07-06T18:54:08Z">
          <reporter-output>
          </reporter-output>
        </test-method> <!-- quitDriver -->
      </class> <!-- tests.SUT001_AmericanasPurchaseListTests -->
    </test> <!-- Default test -->
  </suite> <!-- Default suite -->
</testng-results>
