<?xml version="1.0" encoding="UTF-8"?>
<!-- Generated by org.testng.reporters.JUnitReportReporter -->
<testsuite skipped="0" hostname="07HW011868" name="tests.SUT001_AmericanasPurchaseListTests" tests="3" failures="1" timestamp="06 Jul 2020 19:43:18 GMT" time="24.167" errors="0">
  <testcase name="TC001_FindProduct" time="7.401" classname="tests.SUT001_AmericanasPurchaseListTests"/>
  <testcase name="TC002_FindAndAddToCart" time="8.707" classname="tests.SUT001_AmericanasPurchaseListTests"/>
  <testcase name="TC003_FindAndBuyProduct" time="8.059" classname="tests.SUT001_AmericanasPurchaseListTests">
    <failure type="java.lang.AssertionError" message="Test &#039;clickOnButtonBuy&#039; ended with ERROR - Method &#039;clickButton&#039; Expected result message:  not present in element. 
&lt;p&gt;Stacktrace: element click intercepted: Element is not clickable at point (1124, 654)
  (Session info: chrome=83.0.4103.61)
Build info: version: &#039;3.141.59&#039;, revision: &#039;e82be7d358&#039;, time: &#039;2018-11-14T08:17:03&#039;
System info: host: &#039;07HW011868&#039;, ip: &#039;10.90.70.89&#039;, os.name: &#039;Windows 10&#039;, os.arch: &#039;amd64&#039;, os.version: &#039;10.0&#039;, java.version: &#039;1.8.0_201&#039;
Driver info: org.openqa.selenium.chrome.ChromeDriver
Capabilities {acceptInsecureCerts: false, browserName: chrome, browserVersion: 83.0.4103.61, chrome: {chromedriverVersion: 83.0.4103.39 (ccbf011cb2d2b..., userDataDir: C:\Users\1680395\AppData\Lo...}, goog:chromeOptions: {debuggerAddress: localhost:62500}, javascriptEnabled: true, networkConnectionEnabled: false, pageLoadStrategy: normal, platform: WINDOWS, platformName: WINDOWS, proxy: Proxy(), setWindowRect: true, strictFileInteractability: false, timeouts: {implicit: 0, pageLoad: 300000, script: 30000}, unhandledPromptBehavior: dismiss and notify, webauthn:virtualAuthenticators: true}
Session ID: 573759e885ec4682a57adb6af6d8c2a2">
      <![CDATA[java.lang.AssertionError: Test 'clickOnButtonBuy' ended with ERROR - Method 'clickButton' Expected result message:  not present in element. 
<p>Stacktrace: element click intercepted: Element is not clickable at point (1124, 654)
  (Session info: chrome=83.0.4103.61)
Build info: version: '3.141.59', revision: 'e82be7d358', time: '2018-11-14T08:17:03'
System info: host: '07HW011868', ip: '10.90.70.89', os.name: 'Windows 10', os.arch: 'amd64', os.version: '10.0', java.version: '1.8.0_201'
Driver info: org.openqa.selenium.chrome.ChromeDriver
Capabilities {acceptInsecureCerts: false, browserName: chrome, browserVersion: 83.0.4103.61, chrome: {chromedriverVersion: 83.0.4103.39 (ccbf011cb2d2b..., userDataDir: C:\Users\1680395\AppData\Lo...}, goog:chromeOptions: {debuggerAddress: localhost:62500}, javascriptEnabled: true, networkConnectionEnabled: false, pageLoadStrategy: normal, platform: WINDOWS, platformName: WINDOWS, proxy: Proxy(), setWindowRect: true, strictFileInteractability: false, timeouts: {implicit: 0, pageLoad: 300000, script: 30000}, unhandledPromptBehavior: dismiss and notify, webauthn:virtualAuthenticators: true}
Session ID: 573759e885ec4682a57adb6af6d8c2a2
at org.testng.Assert.fail(Assert.java:96)
at selenium.SeleniumButton.clickButton(SeleniumButton.java:28)
at pages.americanas.AmericanasHomePage.clickOnButtonBuy(AmericanasHomePage.java:74)
at tests.SUT001_AmericanasPurchaseListTests.TC003_FindAndBuyProduct(SUT001_AmericanasPurchaseListTests.java:40)
at sun.reflect.NativeMethodAccessorImpl.invoke0(Native Method)
at sun.reflect.NativeMethodAccessorImpl.invoke(Unknown Source)
at sun.reflect.DelegatingMethodAccessorImpl.invoke(Unknown Source)
at java.lang.reflect.Method.invoke(Unknown Source)
at org.testng.internal.MethodInvocationHelper.invokeMethod(MethodInvocationHelper.java:124)
at org.testng.internal.Invoker.invokeMethod(Invoker.java:583)
at org.testng.internal.Invoker.invokeTestMethod(Invoker.java:719)
at org.testng.internal.Invoker.invokeTestMethods(Invoker.java:989)
at org.testng.internal.TestMethodWorker.invokeTestMethods(TestMethodWorker.java:125)
at org.testng.internal.TestMethodWorker.run(TestMethodWorker.java:109)
at org.testng.TestRunner.privateRun(TestRunner.java:648)
at org.testng.TestRunner.run(TestRunner.java:505)
at org.testng.SuiteRunner.runTest(SuiteRunner.java:455)
at org.testng.SuiteRunner.runSequentially(SuiteRunner.java:450)
at org.testng.SuiteRunner.privateRun(SuiteRunner.java:415)
at org.testng.SuiteRunner.run(SuiteRunner.java:364)
at org.testng.SuiteRunnerWorker.runSuite(SuiteRunnerWorker.java:52)
at org.testng.SuiteRunnerWorker.run(SuiteRunnerWorker.java:84)
at org.testng.TestNG.runSuitesSequentially(TestNG.java:1208)
at org.testng.TestNG.runSuitesLocally(TestNG.java:1137)
at org.testng.TestNG.runSuites(TestNG.java:1049)
at org.testng.TestNG.run(TestNG.java:1017)
at org.testng.remote.AbstractRemoteTestNG.run(AbstractRemoteTestNG.java:115)
at org.testng.remote.RemoteTestNG.initAndRun(RemoteTestNG.java:251)
at org.testng.remote.RemoteTestNG.main(RemoteTestNG.java:77)
]]>
    </failure>
  </testcase> <!-- TC003_FindAndBuyProduct -->
</testsuite> <!-- tests.SUT001_AmericanasPurchaseListTests -->
